<?xml version="1.0" encoding="UTF-8"?>
<testng-results total="1" passed="1" failed="0" skipped="0">
  <reporter-output>
  </reporter-output>
  <suite started-at="2019-11-19T18:47:21Z" name="Default suite" finished-at="2019-11-19T18:48:50Z" duration-ms="89327">
    <groups>
    </groups>
    <test started-at="2019-11-19T18:47:21Z" name="Default test" finished-at="2019-11-19T18:48:50Z" duration-ms="89327">
      <class name="com.pedigree.test.PedigreeTest">
        <test-method is-config="true" signature="driverSetUp()[pri:0, instance:com.pedigree.test.PedigreeTest@240237d2]" started-at="2019-11-20T00:17:21Z" name="driverSetUp" finished-at="2019-11-20T00:18:19Z" duration-ms="57690" status="PASS">
          <reporter-output>
          </reporter-output>
        </test-method> <!-- driverSetUp -->
        <test-method signature="result()[pri:0, instance:com.pedigree.test.PedigreeTest@240237d2]" started-at="2019-11-20T00:18:19Z" name="result" finished-at="2019-11-20T00:18:49Z" duration-ms="30526" status="PASS">
          <reporter-output>
          </reporter-output>
        </test-method> <!-- result -->
        <test-method is-config="true" signature="closeBrowser()[pri:0, instance:com.pedigree.test.PedigreeTest@240237d2]" started-at="2019-11-20T00:18:49Z" name="closeBrowser" finished-at="2019-11-20T00:18:50Z" duration-ms="1086" status="PASS">
          <reporter-output>
          </reporter-output>
        </test-method> <!-- closeBrowser -->
      </class> <!-- com.pedigree.test.PedigreeTest -->
    </test> <!-- Default test -->
  </suite> <!-- Default suite -->
</testng-results>
